2024-08-13 00:18:51 Warning: Headers already sent in E:\xampp\htdocs\2024\df_tst\DrapeFitPHPAli2024\vendor\cakephp\cakephp\src\Error\Debugger.php:850
2024-08-13 00:18:51 Error: [Cake\Database\Exception] SQLSTATE[HY000]: General error: 1030 Got error 28 from storage engine in E:\xampp\htdocs\2024\df_tst\DrapeFitPHPAli2024\vendor\cakephp\cakephp\src\Database\Schema\Collection.php on line 131
Request URL: /clicksend/getClickSendApiKeys
Client IP: 127.0.0.1
Stack Trace:
#0 E:\xampp\htdocs\2024\df_tst\DrapeFitPHPAli2024\vendor\cakephp\cakephp\src\Database\Schema\Collection.php(97): Cake\Database\Schema\Collection->_reflect('Column', 'cofig_keys', Array, Object(Cake\Database\Schema\TableSchema))
#1 E:\xampp\htdocs\2024\df_tst\DrapeFitPHPAli2024\vendor\cakephp\cakephp\src\Database\Schema\CachedCollection.php(63): Cake\Database\Schema\Collection->describe('cofig_keys', Array)
#2 E:\xampp\htdocs\2024\df_tst\DrapeFitPHPAli2024\vendor\cakephp\cakephp\src\ORM\Table.php(532): Cake\Database\Schema\CachedCollection->describe('cofig_keys')
#3 E:\xampp\htdocs\2024\df_tst\DrapeFitPHPAli2024\vendor\cakephp\cakephp\src\ORM\Query.php(211): Cake\ORM\Table->getSchema()
#4 E:\xampp\htdocs\2024\df_tst\DrapeFitPHPAli2024\vendor\cakephp\cakephp\src\ORM\Query.php(168): Cake\ORM\Query->addDefaultTypes(Object(Cake\ORM\Table))
#5 E:\xampp\htdocs\2024\df_tst\DrapeFitPHPAli2024\vendor\cakephp\cakephp\src\ORM\Table.php(1578): Cake\ORM\Query->__construct(Object(Cake\Database\Connection), Object(Cake\ORM\Table))
#6 E:\xampp\htdocs\2024\df_tst\DrapeFitPHPAli2024\vendor\cakephp\cakephp\src\ORM\Table.php(1178): Cake\ORM\Table->query()
#7 E:\xampp\htdocs\2024\df_tst\DrapeFitPHPAli2024\src\Controller\ClicksendController.php(271): Cake\ORM\Table->find('all')
#8 E:\xampp\htdocs\2024\df_tst\DrapeFitPHPAli2024\vendor\cakephp\cakephp\src\Controller\Controller.php(440): App\Controller\ClicksendController->getClickSendApiKeys()
#9 E:\xampp\htdocs\2024\df_tst\DrapeFitPHPAli2024\vendor\cakephp\cakephp\src\Http\ActionDispatcher.php(119): Cake\Controller\Controller->invokeAction()
#10 E:\xampp\htdocs\2024\df_tst\DrapeFitPHPAli2024\vendor\cakephp\cakephp\src\Http\ActionDispatcher.php(93): Cake\Http\ActionDispatcher->_invoke(Object(App\Controller\ClicksendController))
#11 E:\xampp\htdocs\2024\df_tst\DrapeFitPHPAli2024\vendor\cakephp\cakephp\src\Routing\Dispatcher.php(60): Cake\Http\ActionDispatcher->dispatch(Object(Cake\Http\ServerRequest), Object(Cake\Http\Response))
#12 E:\xampp\htdocs\2024\df_tst\DrapeFitPHPAli2024\webroot\index.php(36): Cake\Routing\Dispatcher->dispatch(Object(Cake\Http\ServerRequest), Object(Cake\Http\Response))
#13 {main}


2024-08-13 00:19:20 Warning: Headers already sent in E:\xampp\htdocs\2024\df_tst\DrapeFitPHPAli2024\vendor\cakephp\cakephp\src\Error\Debugger.php:850
2024-08-13 00:19:20 Error: [Cake\Database\Exception] SQLSTATE[HY000]: General error: 1030 Got error 28 from storage engine in E:\xampp\htdocs\2024\df_tst\DrapeFitPHPAli2024\vendor\cakephp\cakephp\src\Database\Schema\Collection.php on line 131
Request URL: /Clicksend/getClickSendApiKeys
Client IP: 127.0.0.1
Stack Trace:
#0 E:\xampp\htdocs\2024\df_tst\DrapeFitPHPAli2024\vendor\cakephp\cakephp\src\Database\Schema\Collection.php(97): Cake\Database\Schema\Collection->_reflect('Column', 'cofig_keys', Array, Object(Cake\Database\Schema\TableSchema))
#1 E:\xampp\htdocs\2024\df_tst\DrapeFitPHPAli2024\vendor\cakephp\cakephp\src\Database\Schema\CachedCollection.php(63): Cake\Database\Schema\Collection->describe('cofig_keys', Array)
#2 E:\xampp\htdocs\2024\df_tst\DrapeFitPHPAli2024\vendor\cakephp\cakephp\src\ORM\Table.php(532): Cake\Database\Schema\CachedCollection->describe('cofig_keys')
#3 E:\xampp\htdocs\2024\df_tst\DrapeFitPHPAli2024\vendor\cakephp\cakephp\src\ORM\Query.php(211): Cake\ORM\Table->getSchema()
#4 E:\xampp\htdocs\2024\df_tst\DrapeFitPHPAli2024\vendor\cakephp\cakephp\src\ORM\Query.php(168): Cake\ORM\Query->addDefaultTypes(Object(Cake\ORM\Table))
#5 E:\xampp\htdocs\2024\df_tst\DrapeFitPHPAli2024\vendor\cakephp\cakephp\src\ORM\Table.php(1578): Cake\ORM\Query->__construct(Object(Cake\Database\Connection), Object(Cake\ORM\Table))
#6 E:\xampp\htdocs\2024\df_tst\DrapeFitPHPAli2024\vendor\cakephp\cakephp\src\ORM\Table.php(1178): Cake\ORM\Table->query()
#7 E:\xampp\htdocs\2024\df_tst\DrapeFitPHPAli2024\src\Controller\ClicksendController.php(271): Cake\ORM\Table->find('all')
#8 E:\xampp\htdocs\2024\df_tst\DrapeFitPHPAli2024\vendor\cakephp\cakephp\src\Controller\Controller.php(440): App\Controller\ClicksendController->getClickSendApiKeys()
#9 E:\xampp\htdocs\2024\df_tst\DrapeFitPHPAli2024\vendor\cakephp\cakephp\src\Http\ActionDispatcher.php(119): Cake\Controller\Controller->invokeAction()
#10 E:\xampp\htdocs\2024\df_tst\DrapeFitPHPAli2024\vendor\cakephp\cakephp\src\Http\ActionDispatcher.php(93): Cake\Http\ActionDispatcher->_invoke(Object(App\Controller\ClicksendController))
#11 E:\xampp\htdocs\2024\df_tst\DrapeFitPHPAli2024\vendor\cakephp\cakephp\src\Routing\Dispatcher.php(60): Cake\Http\ActionDispatcher->dispatch(Object(Cake\Http\ServerRequest), Object(Cake\Http\Response))
#12 E:\xampp\htdocs\2024\df_tst\DrapeFitPHPAli2024\webroot\index.php(36): Cake\Routing\Dispatcher->dispatch(Object(Cake\Http\ServerRequest), Object(Cake\Http\Response))
#13 {main}


2024-08-13 00:59:58 Warning: Headers already sent in E:\xampp\htdocs\2024\df_tst\DrapeFitPHPAli2024\vendor\cakephp\cakephp\src\Error\Debugger.php:850
2024-08-13 03:00:03 Error: [PDOException] SQLSTATE[42S22]: Column not found: 1054 Unknown column 'online' in 'field list' in E:\xampp\htdocs\2024\df_tst\DrapeFitPHPAli2024\vendor\cakephp\cakephp\src\Database\Statement\MysqlStatement.php on line 39
Request URL: /users/start_online_offline
Referer URL: http://localhost/2024/df_tst/DrapeFitPHPAli2024/appadmins/profile/paymentmode
Client IP: 127.0.0.1
Stack Trace:
#0 E:\xampp\htdocs\2024\df_tst\DrapeFitPHPAli2024\vendor\cakephp\cakephp\src\Database\Statement\MysqlStatement.php(39): PDOStatement->execute(NULL)
#1 E:\xampp\htdocs\2024\df_tst\DrapeFitPHPAli2024\vendor\cakephp\cakephp\src\Database\Connection.php(314): Cake\Database\Statement\MysqlStatement->execute()
#2 E:\xampp\htdocs\2024\df_tst\DrapeFitPHPAli2024\vendor\cakephp\cakephp\src\Database\Query.php(214): Cake\Database\Connection->run(Object(Cake\ORM\Query))
#3 E:\xampp\htdocs\2024\df_tst\DrapeFitPHPAli2024\vendor\cakephp\cakephp\src\ORM\Table.php(1590): Cake\Database\Query->execute()
#4 E:\xampp\htdocs\2024\df_tst\DrapeFitPHPAli2024\src\Controller\UsersController.php(5132): Cake\ORM\Table->updateAll(Array, Array)
#5 E:\xampp\htdocs\2024\df_tst\DrapeFitPHPAli2024\vendor\cakephp\cakephp\src\Controller\Controller.php(440): App\Controller\UsersController->startOnlineOffline()
#6 E:\xampp\htdocs\2024\df_tst\DrapeFitPHPAli2024\vendor\cakephp\cakephp\src\Http\ActionDispatcher.php(119): Cake\Controller\Controller->invokeAction()
#7 E:\xampp\htdocs\2024\df_tst\DrapeFitPHPAli2024\vendor\cakephp\cakephp\src\Http\ActionDispatcher.php(93): Cake\Http\ActionDispatcher->_invoke(Object(App\Controller\UsersController))
#8 E:\xampp\htdocs\2024\df_tst\DrapeFitPHPAli2024\vendor\cakephp\cakephp\src\Routing\Dispatcher.php(60): Cake\Http\ActionDispatcher->dispatch(Object(Cake\Http\ServerRequest), Object(Cake\Http\Response))
#9 E:\xampp\htdocs\2024\df_tst\DrapeFitPHPAli2024\webroot\index.php(36): Cake\Routing\Dispatcher->dispatch(Object(Cake\Http\ServerRequest), Object(Cake\Http\Response))
#10 {main}


2024-08-13 03:00:15 Error: [PDOException] SQLSTATE[42S22]: Column not found: 1054 Unknown column 'online' in 'field list' in E:\xampp\htdocs\2024\df_tst\DrapeFitPHPAli2024\vendor\cakephp\cakephp\src\Database\Statement\MysqlStatement.php on line 39
Request URL: /users/start_online_offline
Referer URL: http://localhost/2024/df_tst/DrapeFitPHPAli2024/appadmins/profile/paymentmode
Client IP: 127.0.0.1
Stack Trace:
#0 E:\xampp\htdocs\2024\df_tst\DrapeFitPHPAli2024\vendor\cakephp\cakephp\src\Database\Statement\MysqlStatement.php(39): PDOStatement->execute(NULL)
#1 E:\xampp\htdocs\2024\df_tst\DrapeFitPHPAli2024\vendor\cakephp\cakephp\src\Database\Connection.php(314): Cake\Database\Statement\MysqlStatement->execute()
#2 E:\xampp\htdocs\2024\df_tst\DrapeFitPHPAli2024\vendor\cakephp\cakephp\src\Database\Query.php(214): Cake\Database\Connection->run(Object(Cake\ORM\Query))
#3 E:\xampp\htdocs\2024\df_tst\DrapeFitPHPAli2024\vendor\cakephp\cakephp\src\ORM\Table.php(1590): Cake\Database\Query->execute()
#4 E:\xampp\htdocs\2024\df_tst\DrapeFitPHPAli2024\src\Controller\UsersController.php(5132): Cake\ORM\Table->updateAll(Array, Array)
#5 E:\xampp\htdocs\2024\df_tst\DrapeFitPHPAli2024\vendor\cakephp\cakephp\src\Controller\Controller.php(440): App\Controller\UsersController->startOnlineOffline()
#6 E:\xampp\htdocs\2024\df_tst\DrapeFitPHPAli2024\vendor\cakephp\cakephp\src\Http\ActionDispatcher.php(119): Cake\Controller\Controller->invokeAction()
#7 E:\xampp\htdocs\2024\df_tst\DrapeFitPHPAli2024\vendor\cakephp\cakephp\src\Http\ActionDispatcher.php(93): Cake\Http\ActionDispatcher->_invoke(Object(App\Controller\UsersController))
#8 E:\xampp\htdocs\2024\df_tst\DrapeFitPHPAli2024\vendor\cakephp\cakephp\src\Routing\Dispatcher.php(60): Cake\Http\ActionDispatcher->dispatch(Object(Cake\Http\ServerRequest), Object(Cake\Http\Response))
#9 E:\xampp\htdocs\2024\df_tst\DrapeFitPHPAli2024\webroot\index.php(36): Cake\Routing\Dispatcher->dispatch(Object(Cake\Http\ServerRequest), Object(Cake\Http\Response))
#10 {main}


2024-08-13 02:28:46 Error: [ArgumentCountError] Too few arguments to function App\Controller\PagesController::stripePayment(), 0 passed in E:\xampp\htdocs\2024\df_tst\DrapeFitPHPAli2024\vendor\cakephp\cakephp\src\Controller\Controller.php on line 440 and exactly 2 expected in E:\xampp\htdocs\2024\df_tst\DrapeFitPHPAli2024\src\Controller\PagesController.php on line 1009
Request URL: /pages/stripepayment
Client IP: 127.0.0.1
Stack Trace:
#0 E:\xampp\htdocs\2024\df_tst\DrapeFitPHPAli2024\vendor\cakephp\cakephp\src\Controller\Controller.php(440): App\Controller\PagesController->stripePayment()
#1 E:\xampp\htdocs\2024\df_tst\DrapeFitPHPAli2024\vendor\cakephp\cakephp\src\Http\ActionDispatcher.php(119): Cake\Controller\Controller->invokeAction()
#2 E:\xampp\htdocs\2024\df_tst\DrapeFitPHPAli2024\vendor\cakephp\cakephp\src\Http\ActionDispatcher.php(93): Cake\Http\ActionDispatcher->_invoke(Object(App\Controller\PagesController))
#3 E:\xampp\htdocs\2024\df_tst\DrapeFitPHPAli2024\vendor\cakephp\cakephp\src\Routing\Dispatcher.php(60): Cake\Http\ActionDispatcher->dispatch(Object(Cake\Http\ServerRequest), Object(Cake\Http\Response))
#4 E:\xampp\htdocs\2024\df_tst\DrapeFitPHPAli2024\webroot\index.php(36): Cake\Routing\Dispatcher->dispatch(Object(Cake\Http\ServerRequest), Object(Cake\Http\Response))
#5 {main}


2024-08-13 04:28:51 Warning: Warning (2): Invalid argument supplied for foreach() in [E:\xampp\htdocs\2024\df_tst\DrapeFitPHPAli2024\src\Template\Element\frontend\header.ctp, line 11]
Request URL: /css/base.css
Referer URL: http://localhost/2024/df_tst/DrapeFitPHPAli2024/pages/stripepayment
Client IP: 127.0.0.1
Trace:
Cake\Error\BaseErrorHandler::handleError() - CORE\src\Error\BaseErrorHandler.php, line 153
include - APP/Template\Element\frontend\header.ctp, line 11
Cake\View\View::_evaluate() - CORE\src\View\View.php, line 1196
Cake\View\View::_render() - CORE\src\View\View.php, line 1157
Cake\View\View::_renderElement() - CORE\src\View\View.php, line 1550
Cake\View\View::element() - CORE\src\View\View.php, line 668
include - APP/Template\Layout\default.ctp, line 106
Cake\View\View::_evaluate() - CORE\src\View\View.php, line 1196
Cake\View\View::_render() - CORE\src\View\View.php, line 1157
Cake\View\View::renderLayout() - CORE\src\View\View.php, line 812
Cake\View\View::render() - CORE\src\View\View.php, line 770
Cake\Controller\Controller::render() - CORE\src\Controller\Controller.php, line 623
Cake\Error\ExceptionRenderer::_outputMessage() - CORE\src\Error\ExceptionRenderer.php, line 325
Cake\Error\ExceptionRenderer::render() - CORE\src\Error\ExceptionRenderer.php, line 200
Cake\Error\ErrorHandler::_displayException() - CORE\src\Error\ErrorHandler.php, line 137
Cake\Error\BaseErrorHandler::handleException() - CORE\src\Error\BaseErrorHandler.php, line 187
Cake\Error\BaseErrorHandler::wrapAndHandleException() - CORE\src\Error\BaseErrorHandler.php, line 171
[main] - [internal], line ??



2024-08-13 04:28:54 Warning: Warning (2): Invalid argument supplied for foreach() in [E:\xampp\htdocs\2024\df_tst\DrapeFitPHPAli2024\src\Template\Element\frontend\header.ctp, line 142]
Request URL: /css/base.css
Referer URL: http://localhost/2024/df_tst/DrapeFitPHPAli2024/pages/stripepayment
Client IP: 127.0.0.1
Trace:
Cake\Error\BaseErrorHandler::handleError() - CORE\src\Error\BaseErrorHandler.php, line 153
include - APP/Template\Element\frontend\header.ctp, line 142
Cake\View\View::_evaluate() - CORE\src\View\View.php, line 1196
Cake\View\View::_render() - CORE\src\View\View.php, line 1157
Cake\View\View::_renderElement() - CORE\src\View\View.php, line 1550
Cake\View\View::element() - CORE\src\View\View.php, line 668
include - APP/Template\Layout\default.ctp, line 106
Cake\View\View::_evaluate() - CORE\src\View\View.php, line 1196
Cake\View\View::_render() - CORE\src\View\View.php, line 1157
Cake\View\View::renderLayout() - CORE\src\View\View.php, line 812
Cake\View\View::render() - CORE\src\View\View.php, line 770
Cake\Controller\Controller::render() - CORE\src\Controller\Controller.php, line 623
Cake\Error\ExceptionRenderer::_outputMessage() - CORE\src\Error\ExceptionRenderer.php, line 325
Cake\Error\ExceptionRenderer::render() - CORE\src\Error\ExceptionRenderer.php, line 200
Cake\Error\ErrorHandler::_displayException() - CORE\src\Error\ErrorHandler.php, line 137
Cake\Error\BaseErrorHandler::handleException() - CORE\src\Error\BaseErrorHandler.php, line 187
Cake\Error\BaseErrorHandler::wrapAndHandleException() - CORE\src\Error\BaseErrorHandler.php, line 171
[main] - [internal], line ??



2024-08-13 04:28:56 Error: [Cake\Routing\Exception\MissingControllerException] Controller class Css could not be found. in E:\xampp\htdocs\2024\df_tst\DrapeFitPHPAli2024\vendor\cakephp\cakephp\src\Http\ControllerFactory.php on line 100
Request URL: /css/base.css
Referer URL: http://localhost/2024/df_tst/DrapeFitPHPAli2024/pages/stripepayment
Client IP: 127.0.0.1
Stack Trace:
#0 E:\xampp\htdocs\2024\df_tst\DrapeFitPHPAli2024\vendor\cakephp\cakephp\src\Http\ControllerFactory.php(38): Cake\Http\ControllerFactory->missingController(Object(Cake\Http\ServerRequest))
#1 E:\xampp\htdocs\2024\df_tst\DrapeFitPHPAli2024\vendor\cakephp\cakephp\src\Routing\Filter\ControllerFactoryFilter.php(63): Cake\Http\ControllerFactory->create(Object(Cake\Http\ServerRequest), Object(Cake\Http\Response))
#2 E:\xampp\htdocs\2024\df_tst\DrapeFitPHPAli2024\vendor\cakephp\cakephp\src\Routing\Filter\ControllerFactoryFilter.php(49): Cake\Routing\Filter\ControllerFactoryFilter->_getController(Object(Cake\Http\ServerRequest), Object(Cake\Http\Response))
#3 E:\xampp\htdocs\2024\df_tst\DrapeFitPHPAli2024\vendor\cakephp\cakephp\src\Routing\DispatcherFilter.php(146): Cake\Routing\Filter\ControllerFactoryFilter->beforeDispatch(Object(Cake\Event\Event))
#4 E:\xampp\htdocs\2024\df_tst\DrapeFitPHPAli2024\vendor\cakephp\cakephp\src\Event\EventManager.php(416): Cake\Routing\DispatcherFilter->handle(Object(Cake\Event\Event), Object(Cake\Http\ServerRequest), Object(Cake\Http\Response))
#5 E:\xampp\htdocs\2024\df_tst\DrapeFitPHPAli2024\vendor\cakephp\cakephp\src\Event\EventManager.php(393): Cake\Event\EventManager->_callListener(Array, Object(Cake\Event\Event))
#6 E:\xampp\htdocs\2024\df_tst\DrapeFitPHPAli2024\vendor\cakephp\cakephp\src\Event\EventDispatcherTrait.php(110): Cake\Event\EventManager->dispatch(Object(Cake\Event\Event))
#7 E:\xampp\htdocs\2024\df_tst\DrapeFitPHPAli2024\vendor\cakephp\cakephp\src\Http\ActionDispatcher.php(78): Cake\Http\ActionDispatcher->dispatchEvent('Dispatcher.befo...', Array)
#8 E:\xampp\htdocs\2024\df_tst\DrapeFitPHPAli2024\vendor\cakephp\cakephp\src\Routing\Dispatcher.php(60): Cake\Http\ActionDispatcher->dispatch(Object(Cake\Http\ServerRequest), Object(Cake\Http\Response))
#9 E:\xampp\htdocs\2024\df_tst\DrapeFitPHPAli2024\webroot\index.php(36): Cake\Routing\Dispatcher->dispatch(Object(Cake\Http\ServerRequest), Object(Cake\Http\Response))
#10 {main}


2024-08-13 04:28:58 Warning: Warning (2): Invalid argument supplied for foreach() in [E:\xampp\htdocs\2024\df_tst\DrapeFitPHPAli2024\src\Template\Element\frontend\header.ctp, line 11]
Request URL: /css/cake.css
Referer URL: http://localhost/2024/df_tst/DrapeFitPHPAli2024/pages/stripepayment
Client IP: 127.0.0.1
Trace:
Cake\Error\BaseErrorHandler::handleError() - CORE\src\Error\BaseErrorHandler.php, line 153
include - APP/Template\Element\frontend\header.ctp, line 11
Cake\View\View::_evaluate() - CORE\src\View\View.php, line 1196
Cake\View\View::_render() - CORE\src\View\View.php, line 1157
Cake\View\View::_renderElement() - CORE\src\View\View.php, line 1550
Cake\View\View::element() - CORE\src\View\View.php, line 668
include - APP/Template\Layout\default.ctp, line 106
Cake\View\View::_evaluate() - CORE\src\View\View.php, line 1196
Cake\View\View::_render() - CORE\src\View\View.php, line 1157
Cake\View\View::renderLayout() - CORE\src\View\View.php, line 812
Cake\View\View::render() - CORE\src\View\View.php, line 770
Cake\Controller\Controller::render() - CORE\src\Controller\Controller.php, line 623
Cake\Error\ExceptionRenderer::_outputMessage() - CORE\src\Error\ExceptionRenderer.php, line 325
Cake\Error\ExceptionRenderer::render() - CORE\src\Error\ExceptionRenderer.php, line 200
Cake\Error\ErrorHandler::_displayException() - CORE\src\Error\ErrorHandler.php, line 137
Cake\Error\BaseErrorHandler::handleException() - CORE\src\Error\BaseErrorHandler.php, line 187
Cake\Error\BaseErrorHandler::wrapAndHandleException() - CORE\src\Error\BaseErrorHandler.php, line 171
[main] - [internal], line ??



2024-08-13 04:28:58 Warning: Warning (2): Invalid argument supplied for foreach() in [E:\xampp\htdocs\2024\df_tst\DrapeFitPHPAli2024\src\Template\Element\frontend\header.ctp, line 142]
Request URL: /css/cake.css
Referer URL: http://localhost/2024/df_tst/DrapeFitPHPAli2024/pages/stripepayment
Client IP: 127.0.0.1
Trace:
Cake\Error\BaseErrorHandler::handleError() - CORE\src\Error\BaseErrorHandler.php, line 153
include - APP/Template\Element\frontend\header.ctp, line 142
Cake\View\View::_evaluate() - CORE\src\View\View.php, line 1196
Cake\View\View::_render() - CORE\src\View\View.php, line 1157
Cake\View\View::_renderElement() - CORE\src\View\View.php, line 1550
Cake\View\View::element() - CORE\src\View\View.php, line 668
include - APP/Template\Layout\default.ctp, line 106
Cake\View\View::_evaluate() - CORE\src\View\View.php, line 1196
Cake\View\View::_render() - CORE\src\View\View.php, line 1157
Cake\View\View::renderLayout() - CORE\src\View\View.php, line 812
Cake\View\View::render() - CORE\src\View\View.php, line 770
Cake\Controller\Controller::render() - CORE\src\Controller\Controller.php, line 623
Cake\Error\ExceptionRenderer::_outputMessage() - CORE\src\Error\ExceptionRenderer.php, line 325
Cake\Error\ExceptionRenderer::render() - CORE\src\Error\ExceptionRenderer.php, line 200
Cake\Error\ErrorHandler::_displayException() - CORE\src\Error\ErrorHandler.php, line 137
Cake\Error\BaseErrorHandler::handleException() - CORE\src\Error\BaseErrorHandler.php, line 187
Cake\Error\BaseErrorHandler::wrapAndHandleException() - CORE\src\Error\BaseErrorHandler.php, line 171
[main] - [internal], line ??



2024-08-13 04:28:59 Error: [Cake\Routing\Exception\MissingControllerException] Controller class Css could not be found. in E:\xampp\htdocs\2024\df_tst\DrapeFitPHPAli2024\vendor\cakephp\cakephp\src\Http\ControllerFactory.php on line 100
Request URL: /css/cake.css
Referer URL: http://localhost/2024/df_tst/DrapeFitPHPAli2024/pages/stripepayment
Client IP: 127.0.0.1
Stack Trace:
#0 E:\xampp\htdocs\2024\df_tst\DrapeFitPHPAli2024\vendor\cakephp\cakephp\src\Http\ControllerFactory.php(38): Cake\Http\ControllerFactory->missingController(Object(Cake\Http\ServerRequest))
#1 E:\xampp\htdocs\2024\df_tst\DrapeFitPHPAli2024\vendor\cakephp\cakephp\src\Routing\Filter\ControllerFactoryFilter.php(63): Cake\Http\ControllerFactory->create(Object(Cake\Http\ServerRequest), Object(Cake\Http\Response))
#2 E:\xampp\htdocs\2024\df_tst\DrapeFitPHPAli2024\vendor\cakephp\cakephp\src\Routing\Filter\ControllerFactoryFilter.php(49): Cake\Routing\Filter\ControllerFactoryFilter->_getController(Object(Cake\Http\ServerRequest), Object(Cake\Http\Response))
#3 E:\xampp\htdocs\2024\df_tst\DrapeFitPHPAli2024\vendor\cakephp\cakephp\src\Routing\DispatcherFilter.php(146): Cake\Routing\Filter\ControllerFactoryFilter->beforeDispatch(Object(Cake\Event\Event))
#4 E:\xampp\htdocs\2024\df_tst\DrapeFitPHPAli2024\vendor\cakephp\cakephp\src\Event\EventManager.php(416): Cake\Routing\DispatcherFilter->handle(Object(Cake\Event\Event), Object(Cake\Http\ServerRequest), Object(Cake\Http\Response))
#5 E:\xampp\htdocs\2024\df_tst\DrapeFitPHPAli2024\vendor\cakephp\cakephp\src\Event\EventManager.php(393): Cake\Event\EventManager->_callListener(Array, Object(Cake\Event\Event))
#6 E:\xampp\htdocs\2024\df_tst\DrapeFitPHPAli2024\vendor\cakephp\cakephp\src\Event\EventDispatcherTrait.php(110): Cake\Event\EventManager->dispatch(Object(Cake\Event\Event))
#7 E:\xampp\htdocs\2024\df_tst\DrapeFitPHPAli2024\vendor\cakephp\cakephp\src\Http\ActionDispatcher.php(78): Cake\Http\ActionDispatcher->dispatchEvent('Dispatcher.befo...', Array)
#8 E:\xampp\htdocs\2024\df_tst\DrapeFitPHPAli2024\vendor\cakephp\cakephp\src\Routing\Dispatcher.php(60): Cake\Http\ActionDispatcher->dispatch(Object(Cake\Http\ServerRequest), Object(Cake\Http\Response))
#9 E:\xampp\htdocs\2024\df_tst\DrapeFitPHPAli2024\webroot\index.php(36): Cake\Routing\Dispatcher->dispatch(Object(Cake\Http\ServerRequest), Object(Cake\Http\Response))
#10 {main}


2024-08-13 04:29:01 Warning: Warning (2): Invalid argument supplied for foreach() in [E:\xampp\htdocs\2024\df_tst\DrapeFitPHPAli2024\src\Template\Element\frontend\header.ctp, line 11]
Request URL: /img/cake.power.gif
Referer URL: http://localhost/2024/df_tst/DrapeFitPHPAli2024/pages/stripepayment
Client IP: 127.0.0.1
Trace:
Cake\Error\BaseErrorHandler::handleError() - CORE\src\Error\BaseErrorHandler.php, line 153
include - APP/Template\Element\frontend\header.ctp, line 11
Cake\View\View::_evaluate() - CORE\src\View\View.php, line 1196
Cake\View\View::_render() - CORE\src\View\View.php, line 1157
Cake\View\View::_renderElement() - CORE\src\View\View.php, line 1550
Cake\View\View::element() - CORE\src\View\View.php, line 668
include - APP/Template\Layout\default.ctp, line 106
Cake\View\View::_evaluate() - CORE\src\View\View.php, line 1196
Cake\View\View::_render() - CORE\src\View\View.php, line 1157
Cake\View\View::renderLayout() - CORE\src\View\View.php, line 812
Cake\View\View::render() - CORE\src\View\View.php, line 770
Cake\Controller\Controller::render() - CORE\src\Controller\Controller.php, line 623
Cake\Error\ExceptionRenderer::_outputMessage() - CORE\src\Error\ExceptionRenderer.php, line 325
Cake\Error\ExceptionRenderer::render() - CORE\src\Error\ExceptionRenderer.php, line 200
Cake\Error\ErrorHandler::_displayException() - CORE\src\Error\ErrorHandler.php, line 137
Cake\Error\BaseErrorHandler::handleException() - CORE\src\Error\BaseErrorHandler.php, line 187
Cake\Error\BaseErrorHandler::wrapAndHandleException() - CORE\src\Error\BaseErrorHandler.php, line 171
[main] - [internal], line ??



2024-08-13 04:29:01 Warning: Warning (2): Invalid argument supplied for foreach() in [E:\xampp\htdocs\2024\df_tst\DrapeFitPHPAli2024\src\Template\Element\frontend\header.ctp, line 142]
Request URL: /img/cake.power.gif
Referer URL: http://localhost/2024/df_tst/DrapeFitPHPAli2024/pages/stripepayment
Client IP: 127.0.0.1
Trace:
Cake\Error\BaseErrorHandler::handleError() - CORE\src\Error\BaseErrorHandler.php, line 153
include - APP/Template\Element\frontend\header.ctp, line 142
Cake\View\View::_evaluate() - CORE\src\View\View.php, line 1196
Cake\View\View::_render() - CORE\src\View\View.php, line 1157
Cake\View\View::_renderElement() - CORE\src\View\View.php, line 1550
Cake\View\View::element() - CORE\src\View\View.php, line 668
include - APP/Template\Layout\default.ctp, line 106
Cake\View\View::_evaluate() - CORE\src\View\View.php, line 1196
Cake\View\View::_render() - CORE\src\View\View.php, line 1157
Cake\View\View::renderLayout() - CORE\src\View\View.php, line 812
Cake\View\View::render() - CORE\src\View\View.php, line 770
Cake\Controller\Controller::render() - CORE\src\Controller\Controller.php, line 623
Cake\Error\ExceptionRenderer::_outputMessage() - CORE\src\Error\ExceptionRenderer.php, line 325
Cake\Error\ExceptionRenderer::render() - CORE\src\Error\ExceptionRenderer.php, line 200
Cake\Error\ErrorHandler::_displayException() - CORE\src\Error\ErrorHandler.php, line 137
Cake\Error\BaseErrorHandler::handleException() - CORE\src\Error\BaseErrorHandler.php, line 187
Cake\Error\BaseErrorHandler::wrapAndHandleException() - CORE\src\Error\BaseErrorHandler.php, line 171
[main] - [internal], line ??



2024-08-13 04:29:02 Error: [Cake\Routing\Exception\MissingControllerException] Controller class Img could not be found. in E:\xampp\htdocs\2024\df_tst\DrapeFitPHPAli2024\vendor\cakephp\cakephp\src\Http\ControllerFactory.php on line 100
Request URL: /img/cake.power.gif
Referer URL: http://localhost/2024/df_tst/DrapeFitPHPAli2024/pages/stripepayment
Client IP: 127.0.0.1
Stack Trace:
#0 E:\xampp\htdocs\2024\df_tst\DrapeFitPHPAli2024\vendor\cakephp\cakephp\src\Http\ControllerFactory.php(38): Cake\Http\ControllerFactory->missingController(Object(Cake\Http\ServerRequest))
#1 E:\xampp\htdocs\2024\df_tst\DrapeFitPHPAli2024\vendor\cakephp\cakephp\src\Routing\Filter\ControllerFactoryFilter.php(63): Cake\Http\ControllerFactory->create(Object(Cake\Http\ServerRequest), Object(Cake\Http\Response))
#2 E:\xampp\htdocs\2024\df_tst\DrapeFitPHPAli2024\vendor\cakephp\cakephp\src\Routing\Filter\ControllerFactoryFilter.php(49): Cake\Routing\Filter\ControllerFactoryFilter->_getController(Object(Cake\Http\ServerRequest), Object(Cake\Http\Response))
#3 E:\xampp\htdocs\2024\df_tst\DrapeFitPHPAli2024\vendor\cakephp\cakephp\src\Routing\DispatcherFilter.php(146): Cake\Routing\Filter\ControllerFactoryFilter->beforeDispatch(Object(Cake\Event\Event))
#4 E:\xampp\htdocs\2024\df_tst\DrapeFitPHPAli2024\vendor\cakephp\cakephp\src\Event\EventManager.php(416): Cake\Routing\DispatcherFilter->handle(Object(Cake\Event\Event), Object(Cake\Http\ServerRequest), Object(Cake\Http\Response))
#5 E:\xampp\htdocs\2024\df_tst\DrapeFitPHPAli2024\vendor\cakephp\cakephp\src\Event\EventManager.php(393): Cake\Event\EventManager->_callListener(Array, Object(Cake\Event\Event))
#6 E:\xampp\htdocs\2024\df_tst\DrapeFitPHPAli2024\vendor\cakephp\cakephp\src\Event\EventDispatcherTrait.php(110): Cake\Event\EventManager->dispatch(Object(Cake\Event\Event))
#7 E:\xampp\htdocs\2024\df_tst\DrapeFitPHPAli2024\vendor\cakephp\cakephp\src\Http\ActionDispatcher.php(78): Cake\Http\ActionDispatcher->dispatchEvent('Dispatcher.befo...', Array)
#8 E:\xampp\htdocs\2024\df_tst\DrapeFitPHPAli2024\vendor\cakephp\cakephp\src\Routing\Dispatcher.php(60): Cake\Http\ActionDispatcher->dispatch(Object(Cake\Http\ServerRequest), Object(Cake\Http\Response))
#9 E:\xampp\htdocs\2024\df_tst\DrapeFitPHPAli2024\webroot\index.php(36): Cake\Routing\Dispatcher->dispatch(Object(Cake\Http\ServerRequest), Object(Cake\Http\Response))
#10 {main}


2024-08-13 02:29:02 Error: [ArgumentCountError] Too few arguments to function App\Controller\PagesController::stripePayment(), 0 passed in E:\xampp\htdocs\2024\df_tst\DrapeFitPHPAli2024\vendor\cakephp\cakephp\src\Controller\Controller.php on line 440 and exactly 2 expected in E:\xampp\htdocs\2024\df_tst\DrapeFitPHPAli2024\src\Controller\PagesController.php on line 1009
Request URL: /pages/stripe_payment
Client IP: 127.0.0.1
Stack Trace:
#0 E:\xampp\htdocs\2024\df_tst\DrapeFitPHPAli2024\vendor\cakephp\cakephp\src\Controller\Controller.php(440): App\Controller\PagesController->stripePayment()
#1 E:\xampp\htdocs\2024\df_tst\DrapeFitPHPAli2024\vendor\cakephp\cakephp\src\Http\ActionDispatcher.php(119): Cake\Controller\Controller->invokeAction()
#2 E:\xampp\htdocs\2024\df_tst\DrapeFitPHPAli2024\vendor\cakephp\cakephp\src\Http\ActionDispatcher.php(93): Cake\Http\ActionDispatcher->_invoke(Object(App\Controller\PagesController))
#3 E:\xampp\htdocs\2024\df_tst\DrapeFitPHPAli2024\vendor\cakephp\cakephp\src\Routing\Dispatcher.php(60): Cake\Http\ActionDispatcher->dispatch(Object(Cake\Http\ServerRequest), Object(Cake\Http\Response))
#4 E:\xampp\htdocs\2024\df_tst\DrapeFitPHPAli2024\webroot\index.php(36): Cake\Routing\Dispatcher->dispatch(Object(Cake\Http\ServerRequest), Object(Cake\Http\Response))
#5 {main}


2024-08-13 02:29:02 Error: [ArgumentCountError] Too few arguments to function App\Controller\PagesController::stripePayment(), 0 passed in E:\xampp\htdocs\2024\df_tst\DrapeFitPHPAli2024\vendor\cakephp\cakephp\src\Controller\Controller.php on line 440 and exactly 2 expected in E:\xampp\htdocs\2024\df_tst\DrapeFitPHPAli2024\src\Controller\PagesController.php on line 1009
Request URL: /pages/stripe_payment
Client IP: 127.0.0.1
Stack Trace:
#0 E:\xampp\htdocs\2024\df_tst\DrapeFitPHPAli2024\vendor\cakephp\cakephp\src\Controller\Controller.php(440): App\Controller\PagesController->stripePayment()
#1 E:\xampp\htdocs\2024\df_tst\DrapeFitPHPAli2024\vendor\cakephp\cakephp\src\Http\ActionDispatcher.php(119): Cake\Controller\Controller->invokeAction()
#2 E:\xampp\htdocs\2024\df_tst\DrapeFitPHPAli2024\vendor\cakephp\cakephp\src\Http\ActionDispatcher.php(93): Cake\Http\ActionDispatcher->_invoke(Object(App\Controller\PagesController))
#3 E:\xampp\htdocs\2024\df_tst\DrapeFitPHPAli2024\vendor\cakephp\cakephp\src\Routing\Dispatcher.php(60): Cake\Http\ActionDispatcher->dispatch(Object(Cake\Http\ServerRequest), Object(Cake\Http\Response))
#4 E:\xampp\htdocs\2024\df_tst\DrapeFitPHPAli2024\webroot\index.php(36): Cake\Routing\Dispatcher->dispatch(Object(Cake\Http\ServerRequest), Object(Cake\Http\Response))
#5 {main}


2024-08-13 04:29:04 Warning: Warning (2): Invalid argument supplied for foreach() in [E:\xampp\htdocs\2024\df_tst\DrapeFitPHPAli2024\src\Template\Element\frontend\header.ctp, line 11]
Request URL: /css/cake.css
Referer URL: http://localhost/2024/df_tst/DrapeFitPHPAli2024/pages/stripe_payment
Client IP: 127.0.0.1
Trace:
Cake\Error\BaseErrorHandler::handleError() - CORE\src\Error\BaseErrorHandler.php, line 153
include - APP/Template\Element\frontend\header.ctp, line 11
Cake\View\View::_evaluate() - CORE\src\View\View.php, line 1196
Cake\View\View::_render() - CORE\src\View\View.php, line 1157
Cake\View\View::_renderElement() - CORE\src\View\View.php, line 1550
Cake\View\View::element() - CORE\src\View\View.php, line 668
include - APP/Template\Layout\default.ctp, line 106
Cake\View\View::_evaluate() - CORE\src\View\View.php, line 1196
Cake\View\View::_render() - CORE\src\View\View.php, line 1157
Cake\View\View::renderLayout() - CORE\src\View\View.php, line 812
Cake\View\View::render() - CORE\src\View\View.php, line 770
Cake\Controller\Controller::render() - CORE\src\Controller\Controller.php, line 623
Cake\Error\ExceptionRenderer::_outputMessage() - CORE\src\Error\ExceptionRenderer.php, line 325
Cake\Error\ExceptionRenderer::render() - CORE\src\Error\ExceptionRenderer.php, line 200
Cake\Error\ErrorHandler::_displayException() - CORE\src\Error\ErrorHandler.php, line 137
Cake\Error\BaseErrorHandler::handleException() - CORE\src\Error\BaseErrorHandler.php, line 187
Cake\Error\BaseErrorHandler::wrapAndHandleException() - CORE\src\Error\BaseErrorHandler.php, line 171
[main] - [internal], line ??



2024-08-13 04:29:05 Warning: Warning (2): Invalid argument supplied for foreach() in [E:\xampp\htdocs\2024\df_tst\DrapeFitPHPAli2024\src\Template\Element\frontend\header.ctp, line 142]
Request URL: /css/cake.css
Referer URL: http://localhost/2024/df_tst/DrapeFitPHPAli2024/pages/stripe_payment
Client IP: 127.0.0.1
Trace:
Cake\Error\BaseErrorHandler::handleError() - CORE\src\Error\BaseErrorHandler.php, line 153
include - APP/Template\Element\frontend\header.ctp, line 142
Cake\View\View::_evaluate() - CORE\src\View\View.php, line 1196
Cake\View\View::_render() - CORE\src\View\View.php, line 1157
Cake\View\View::_renderElement() - CORE\src\View\View.php, line 1550
Cake\View\View::element() - CORE\src\View\View.php, line 668
include - APP/Template\Layout\default.ctp, line 106
Cake\View\View::_evaluate() - CORE\src\View\View.php, line 1196
Cake\View\View::_render() - CORE\src\View\View.php, line 1157
Cake\View\View::renderLayout() - CORE\src\View\View.php, line 812
Cake\View\View::render() - CORE\src\View\View.php, line 770
Cake\Controller\Controller::render() - CORE\src\Controller\Controller.php, line 623
Cake\Error\ExceptionRenderer::_outputMessage() - CORE\src\Error\ExceptionRenderer.php, line 325
Cake\Error\ExceptionRenderer::render() - CORE\src\Error\ExceptionRenderer.php, line 200
Cake\Error\ErrorHandler::_displayException() - CORE\src\Error\ErrorHandler.php, line 137
Cake\Error\BaseErrorHandler::handleException() - CORE\src\Error\BaseErrorHandler.php, line 187
Cake\Error\BaseErrorHandler::wrapAndHandleException() - CORE\src\Error\BaseErrorHandler.php, line 171
[main] - [internal], line ??



2024-08-13 04:29:06 Error: [Cake\Routing\Exception\MissingControllerException] Controller class Css could not be found. in E:\xampp\htdocs\2024\df_tst\DrapeFitPHPAli2024\vendor\cakephp\cakephp\src\Http\ControllerFactory.php on line 100
Request URL: /css/cake.css
Referer URL: http://localhost/2024/df_tst/DrapeFitPHPAli2024/pages/stripe_payment
Client IP: 127.0.0.1
Stack Trace:
#0 E:\xampp\htdocs\2024\df_tst\DrapeFitPHPAli2024\vendor\cakephp\cakephp\src\Http\ControllerFactory.php(38): Cake\Http\ControllerFactory->missingController(Object(Cake\Http\ServerRequest))
#1 E:\xampp\htdocs\2024\df_tst\DrapeFitPHPAli2024\vendor\cakephp\cakephp\src\Routing\Filter\ControllerFactoryFilter.php(63): Cake\Http\ControllerFactory->create(Object(Cake\Http\ServerRequest), Object(Cake\Http\Response))
#2 E:\xampp\htdocs\2024\df_tst\DrapeFitPHPAli2024\vendor\cakephp\cakephp\src\Routing\Filter\ControllerFactoryFilter.php(49): Cake\Routing\Filter\ControllerFactoryFilter->_getController(Object(Cake\Http\ServerRequest), Object(Cake\Http\Response))
#3 E:\xampp\htdocs\2024\df_tst\DrapeFitPHPAli2024\vendor\cakephp\cakephp\src\Routing\DispatcherFilter.php(146): Cake\Routing\Filter\ControllerFactoryFilter->beforeDispatch(Object(Cake\Event\Event))
#4 E:\xampp\htdocs\2024\df_tst\DrapeFitPHPAli2024\vendor\cakephp\cakephp\src\Event\EventManager.php(416): Cake\Routing\DispatcherFilter->handle(Object(Cake\Event\Event), Object(Cake\Http\ServerRequest), Object(Cake\Http\Response))
#5 E:\xampp\htdocs\2024\df_tst\DrapeFitPHPAli2024\vendor\cakephp\cakephp\src\Event\EventManager.php(393): Cake\Event\EventManager->_callListener(Array, Object(Cake\Event\Event))
#6 E:\xampp\htdocs\2024\df_tst\DrapeFitPHPAli2024\vendor\cakephp\cakephp\src\Event\EventDispatcherTrait.php(110): Cake\Event\EventManager->dispatch(Object(Cake\Event\Event))
#7 E:\xampp\htdocs\2024\df_tst\DrapeFitPHPAli2024\vendor\cakephp\cakephp\src\Http\ActionDispatcher.php(78): Cake\Http\ActionDispatcher->dispatchEvent('Dispatcher.befo...', Array)
#8 E:\xampp\htdocs\2024\df_tst\DrapeFitPHPAli2024\vendor\cakephp\cakephp\src\Routing\Dispatcher.php(60): Cake\Http\ActionDispatcher->dispatch(Object(Cake\Http\ServerRequest), Object(Cake\Http\Response))
#9 E:\xampp\htdocs\2024\df_tst\DrapeFitPHPAli2024\webroot\index.php(36): Cake\Routing\Dispatcher->dispatch(Object(Cake\Http\ServerRequest), Object(Cake\Http\Response))
#10 {main}


2024-08-13 04:29:08 Warning: Warning (2): Invalid argument supplied for foreach() in [E:\xampp\htdocs\2024\df_tst\DrapeFitPHPAli2024\src\Template\Element\frontend\header.ctp, line 11]
Request URL: /css/base.css
Referer URL: http://localhost/2024/df_tst/DrapeFitPHPAli2024/pages/stripe_payment
Client IP: 127.0.0.1
Trace:
Cake\Error\BaseErrorHandler::handleError() - CORE\src\Error\BaseErrorHandler.php, line 153
include - APP/Template\Element\frontend\header.ctp, line 11
Cake\View\View::_evaluate() - CORE\src\View\View.php, line 1196
Cake\View\View::_render() - CORE\src\View\View.php, line 1157
Cake\View\View::_renderElement() - CORE\src\View\View.php, line 1550
Cake\View\View::element() - CORE\src\View\View.php, line 668
include - APP/Template\Layout\default.ctp, line 106
Cake\View\View::_evaluate() - CORE\src\View\View.php, line 1196
Cake\View\View::_render() - CORE\src\View\View.php, line 1157
Cake\View\View::renderLayout() - CORE\src\View\View.php, line 812
Cake\View\View::render() - CORE\src\View\View.php, line 770
Cake\Controller\Controller::render() - CORE\src\Controller\Controller.php, line 623
Cake\Error\ExceptionRenderer::_outputMessage() - CORE\src\Error\ExceptionRenderer.php, line 325
Cake\Error\ExceptionRenderer::render() - CORE\src\Error\ExceptionRenderer.php, line 200
Cake\Error\ErrorHandler::_displayException() - CORE\src\Error\ErrorHandler.php, line 137
Cake\Error\BaseErrorHandler::handleException() - CORE\src\Error\BaseErrorHandler.php, line 187
Cake\Error\BaseErrorHandler::wrapAndHandleException() - CORE\src\Error\BaseErrorHandler.php, line 171
[main] - [internal], line ??



2024-08-13 04:29:08 Warning: Warning (2): Invalid argument supplied for foreach() in [E:\xampp\htdocs\2024\df_tst\DrapeFitPHPAli2024\src\Template\Element\frontend\header.ctp, line 142]
Request URL: /css/base.css
Referer URL: http://localhost/2024/df_tst/DrapeFitPHPAli2024/pages/stripe_payment
Client IP: 127.0.0.1
Trace:
Cake\Error\BaseErrorHandler::handleError() - CORE\src\Error\BaseErrorHandler.php, line 153
include - APP/Template\Element\frontend\header.ctp, line 142
Cake\View\View::_evaluate() - CORE\src\View\View.php, line 1196
Cake\View\View::_render() - CORE\src\View\View.php, line 1157
Cake\View\View::_renderElement() - CORE\src\View\View.php, line 1550
Cake\View\View::element() - CORE\src\View\View.php, line 668
include - APP/Template\Layout\default.ctp, line 106
Cake\View\View::_evaluate() - CORE\src\View\View.php, line 1196
Cake\View\View::_render() - CORE\src\View\View.php, line 1157
Cake\View\View::renderLayout() - CORE\src\View\View.php, line 812
Cake\View\View::render() - CORE\src\View\View.php, line 770
Cake\Controller\Controller::render() - CORE\src\Controller\Controller.php, line 623
Cake\Error\ExceptionRenderer::_outputMessage() - CORE\src\Error\ExceptionRenderer.php, line 325
Cake\Error\ExceptionRenderer::render() - CORE\src\Error\ExceptionRenderer.php, line 200
Cake\Error\ErrorHandler::_displayException() - CORE\src\Error\ErrorHandler.php, line 137
Cake\Error\BaseErrorHandler::handleException() - CORE\src\Error\BaseErrorHandler.php, line 187
Cake\Error\BaseErrorHandler::wrapAndHandleException() - CORE\src\Error\BaseErrorHandler.php, line 171
[main] - [internal], line ??



2024-08-13 04:29:09 Error: [Cake\Routing\Exception\MissingControllerException] Controller class Css could not be found. in E:\xampp\htdocs\2024\df_tst\DrapeFitPHPAli2024\vendor\cakephp\cakephp\src\Http\ControllerFactory.php on line 100
Request URL: /css/base.css
Referer URL: http://localhost/2024/df_tst/DrapeFitPHPAli2024/pages/stripe_payment
Client IP: 127.0.0.1
Stack Trace:
#0 E:\xampp\htdocs\2024\df_tst\DrapeFitPHPAli2024\vendor\cakephp\cakephp\src\Http\ControllerFactory.php(38): Cake\Http\ControllerFactory->missingController(Object(Cake\Http\ServerRequest))
#1 E:\xampp\htdocs\2024\df_tst\DrapeFitPHPAli2024\vendor\cakephp\cakephp\src\Routing\Filter\ControllerFactoryFilter.php(63): Cake\Http\ControllerFactory->create(Object(Cake\Http\ServerRequest), Object(Cake\Http\Response))
#2 E:\xampp\htdocs\2024\df_tst\DrapeFitPHPAli2024\vendor\cakephp\cakephp\src\Routing\Filter\ControllerFactoryFilter.php(49): Cake\Routing\Filter\ControllerFactoryFilter->_getController(Object(Cake\Http\ServerRequest), Object(Cake\Http\Response))
#3 E:\xampp\htdocs\2024\df_tst\DrapeFitPHPAli2024\vendor\cakephp\cakephp\src\Routing\DispatcherFilter.php(146): Cake\Routing\Filter\ControllerFactoryFilter->beforeDispatch(Object(Cake\Event\Event))
#4 E:\xampp\htdocs\2024\df_tst\DrapeFitPHPAli2024\vendor\cakephp\cakephp\src\Event\EventManager.php(416): Cake\Routing\DispatcherFilter->handle(Object(Cake\Event\Event), Object(Cake\Http\ServerRequest), Object(Cake\Http\Response))
#5 E:\xampp\htdocs\2024\df_tst\DrapeFitPHPAli2024\vendor\cakephp\cakephp\src\Event\EventManager.php(393): Cake\Event\EventManager->_callListener(Array, Object(Cake\Event\Event))
#6 E:\xampp\htdocs\2024\df_tst\DrapeFitPHPAli2024\vendor\cakephp\cakephp\src\Event\EventDispatcherTrait.php(110): Cake\Event\EventManager->dispatch(Object(Cake\Event\Event))
#7 E:\xampp\htdocs\2024\df_tst\DrapeFitPHPAli2024\vendor\cakephp\cakephp\src\Http\ActionDispatcher.php(78): Cake\Http\ActionDispatcher->dispatchEvent('Dispatcher.befo...', Array)
#8 E:\xampp\htdocs\2024\df_tst\DrapeFitPHPAli2024\vendor\cakephp\cakephp\src\Routing\Dispatcher.php(60): Cake\Http\ActionDispatcher->dispatch(Object(Cake\Http\ServerRequest), Object(Cake\Http\Response))
#9 E:\xampp\htdocs\2024\df_tst\DrapeFitPHPAli2024\webroot\index.php(36): Cake\Routing\Dispatcher->dispatch(Object(Cake\Http\ServerRequest), Object(Cake\Http\Response))
#10 {main}


2024-08-13 04:29:11 Warning: Warning (2): Invalid argument supplied for foreach() in [E:\xampp\htdocs\2024\df_tst\DrapeFitPHPAli2024\src\Template\Element\frontend\header.ctp, line 11]
Request URL: /img/cake.power.gif
Referer URL: http://localhost/2024/df_tst/DrapeFitPHPAli2024/pages/stripe_payment
Client IP: 127.0.0.1
Trace:
Cake\Error\BaseErrorHandler::handleError() - CORE\src\Error\BaseErrorHandler.php, line 153
include - APP/Template\Element\frontend\header.ctp, line 11
Cake\View\View::_evaluate() - CORE\src\View\View.php, line 1196
Cake\View\View::_render() - CORE\src\View\View.php, line 1157
Cake\View\View::_renderElement() - CORE\src\View\View.php, line 1550
Cake\View\View::element() - CORE\src\View\View.php, line 668
include - APP/Template\Layout\default.ctp, line 106
Cake\View\View::_evaluate() - CORE\src\View\View.php, line 1196
Cake\View\View::_render() - CORE\src\View\View.php, line 1157
Cake\View\View::renderLayout() - CORE\src\View\View.php, line 812
Cake\View\View::render() - CORE\src\View\View.php, line 770
Cake\Controller\Controller::render() - CORE\src\Controller\Controller.php, line 623
Cake\Error\ExceptionRenderer::_outputMessage() - CORE\src\Error\ExceptionRenderer.php, line 325
Cake\Error\ExceptionRenderer::render() - CORE\src\Error\ExceptionRenderer.php, line 200
Cake\Error\ErrorHandler::_displayException() - CORE\src\Error\ErrorHandler.php, line 137
Cake\Error\BaseErrorHandler::handleException() - CORE\src\Error\BaseErrorHandler.php, line 187
Cake\Error\BaseErrorHandler::wrapAndHandleException() - CORE\src\Error\BaseErrorHandler.php, line 171
[main] - [internal], line ??



2024-08-13 04:29:11 Warning: Warning (2): Invalid argument supplied for foreach() in [E:\xampp\htdocs\2024\df_tst\DrapeFitPHPAli2024\src\Template\Element\frontend\header.ctp, line 142]
Request URL: /img/cake.power.gif
Referer URL: http://localhost/2024/df_tst/DrapeFitPHPAli2024/pages/stripe_payment
Client IP: 127.0.0.1
Trace:
Cake\Error\BaseErrorHandler::handleError() - CORE\src\Error\BaseErrorHandler.php, line 153
include - APP/Template\Element\frontend\header.ctp, line 142
Cake\View\View::_evaluate() - CORE\src\View\View.php, line 1196
Cake\View\View::_render() - CORE\src\View\View.php, line 1157
Cake\View\View::_renderElement() - CORE\src\View\View.php, line 1550
Cake\View\View::element() - CORE\src\View\View.php, line 668
include - APP/Template\Layout\default.ctp, line 106
Cake\View\View::_evaluate() - CORE\src\View\View.php, line 1196
Cake\View\View::_render() - CORE\src\View\View.php, line 1157
Cake\View\View::renderLayout() - CORE\src\View\View.php, line 812
Cake\View\View::render() - CORE\src\View\View.php, line 770
Cake\Controller\Controller::render() - CORE\src\Controller\Controller.php, line 623
Cake\Error\ExceptionRenderer::_outputMessage() - CORE\src\Error\ExceptionRenderer.php, line 325
Cake\Error\ExceptionRenderer::render() - CORE\src\Error\ExceptionRenderer.php, line 200
Cake\Error\ErrorHandler::_displayException() - CORE\src\Error\ErrorHandler.php, line 137
Cake\Error\BaseErrorHandler::handleException() - CORE\src\Error\BaseErrorHandler.php, line 187
Cake\Error\BaseErrorHandler::wrapAndHandleException() - CORE\src\Error\BaseErrorHandler.php, line 171
[main] - [internal], line ??



2024-08-13 04:29:12 Error: [Cake\Routing\Exception\MissingControllerException] Controller class Img could not be found. in E:\xampp\htdocs\2024\df_tst\DrapeFitPHPAli2024\vendor\cakephp\cakephp\src\Http\ControllerFactory.php on line 100
Request URL: /img/cake.power.gif
Referer URL: http://localhost/2024/df_tst/DrapeFitPHPAli2024/pages/stripe_payment
Client IP: 127.0.0.1
Stack Trace:
#0 E:\xampp\htdocs\2024\df_tst\DrapeFitPHPAli2024\vendor\cakephp\cakephp\src\Http\ControllerFactory.php(38): Cake\Http\ControllerFactory->missingController(Object(Cake\Http\ServerRequest))
#1 E:\xampp\htdocs\2024\df_tst\DrapeFitPHPAli2024\vendor\cakephp\cakephp\src\Routing\Filter\ControllerFactoryFilter.php(63): Cake\Http\ControllerFactory->create(Object(Cake\Http\ServerRequest), Object(Cake\Http\Response))
#2 E:\xampp\htdocs\2024\df_tst\DrapeFitPHPAli2024\vendor\cakephp\cakephp\src\Routing\Filter\ControllerFactoryFilter.php(49): Cake\Routing\Filter\ControllerFactoryFilter->_getController(Object(Cake\Http\ServerRequest), Object(Cake\Http\Response))
#3 E:\xampp\htdocs\2024\df_tst\DrapeFitPHPAli2024\vendor\cakephp\cakephp\src\Routing\DispatcherFilter.php(146): Cake\Routing\Filter\ControllerFactoryFilter->beforeDispatch(Object(Cake\Event\Event))
#4 E:\xampp\htdocs\2024\df_tst\DrapeFitPHPAli2024\vendor\cakephp\cakephp\src\Event\EventManager.php(416): Cake\Routing\DispatcherFilter->handle(Object(Cake\Event\Event), Object(Cake\Http\ServerRequest), Object(Cake\Http\Response))
#5 E:\xampp\htdocs\2024\df_tst\DrapeFitPHPAli2024\vendor\cakephp\cakephp\src\Event\EventManager.php(393): Cake\Event\EventManager->_callListener(Array, Object(Cake\Event\Event))
#6 E:\xampp\htdocs\2024\df_tst\DrapeFitPHPAli2024\vendor\cakephp\cakephp\src\Event\EventDispatcherTrait.php(110): Cake\Event\EventManager->dispatch(Object(Cake\Event\Event))
#7 E:\xampp\htdocs\2024\df_tst\DrapeFitPHPAli2024\vendor\cakephp\cakephp\src\Http\ActionDispatcher.php(78): Cake\Http\ActionDispatcher->dispatchEvent('Dispatcher.befo...', Array)
#8 E:\xampp\htdocs\2024\df_tst\DrapeFitPHPAli2024\vendor\cakephp\cakephp\src\Routing\Dispatcher.php(60): Cake\Http\ActionDispatcher->dispatch(Object(Cake\Http\ServerRequest), Object(Cake\Http\Response))
#9 E:\xampp\htdocs\2024\df_tst\DrapeFitPHPAli2024\webroot\index.php(36): Cake\Routing\Dispatcher->dispatch(Object(Cake\Http\ServerRequest), Object(Cake\Http\Response))
#10 {main}


2024-08-13 02:29:21 Warning: Headers already sent in E:\xampp\htdocs\2024\df_tst\DrapeFitPHPAli2024\vendor\cakephp\cakephp\src\Error\Debugger.php:850
2024-08-13 02:29:21 Error: [ArgumentCountError] Too few arguments to function App\Controller\PagesController::stripePayment(), 0 passed in E:\xampp\htdocs\2024\df_tst\DrapeFitPHPAli2024\vendor\cakephp\cakephp\src\Controller\Controller.php on line 440 and exactly 2 expected in E:\xampp\htdocs\2024\df_tst\DrapeFitPHPAli2024\src\Controller\PagesController.php on line 1009
Request URL: /pages/stripe_payment
Client IP: 127.0.0.1
Stack Trace:
#0 E:\xampp\htdocs\2024\df_tst\DrapeFitPHPAli2024\vendor\cakephp\cakephp\src\Controller\Controller.php(440): App\Controller\PagesController->stripePayment()
#1 E:\xampp\htdocs\2024\df_tst\DrapeFitPHPAli2024\vendor\cakephp\cakephp\src\Http\ActionDispatcher.php(119): Cake\Controller\Controller->invokeAction()
#2 E:\xampp\htdocs\2024\df_tst\DrapeFitPHPAli2024\vendor\cakephp\cakephp\src\Http\ActionDispatcher.php(93): Cake\Http\ActionDispatcher->_invoke(Object(App\Controller\PagesController))
#3 E:\xampp\htdocs\2024\df_tst\DrapeFitPHPAli2024\vendor\cakephp\cakephp\src\Routing\Dispatcher.php(60): Cake\Http\ActionDispatcher->dispatch(Object(Cake\Http\ServerRequest), Object(Cake\Http\Response))
#4 E:\xampp\htdocs\2024\df_tst\DrapeFitPHPAli2024\webroot\index.php(36): Cake\Routing\Dispatcher->dispatch(Object(Cake\Http\ServerRequest), Object(Cake\Http\Response))
#5 {main}


2024-08-13 02:30:54 Warning: Headers already sent in E:\xampp\htdocs\2024\df_tst\DrapeFitPHPAli2024\vendor\cakephp\cakephp\src\Error\Debugger.php:850
2024-08-13 02:31:04 Warning: Warning (2): A non-numeric value encountered in [E:\xampp\htdocs\2024\df_tst\DrapeFitPHPAli2024\src\Controller\PagesController.php, line 1024]
Request URL: /pages/stripeCreatePayment/male/1
Referer URL: http://localhost/2024/df_tst/DrapeFitPHPAli2024/pages/stripe_payment/male/1
Client IP: 127.0.0.1
Trace:
Cake\Error\BaseErrorHandler::handleError() - CORE\src\Error\BaseErrorHandler.php, line 153
App\Controller\PagesController::stripeCreatePayment() - APP/Controller\PagesController.php, line 1024
Cake\Controller\Controller::invokeAction() - CORE\src\Controller\Controller.php, line 440
Cake\Http\ActionDispatcher::_invoke() - CORE\src\Http\ActionDispatcher.php, line 119
Cake\Http\ActionDispatcher::dispatch() - CORE\src\Http\ActionDispatcher.php, line 93
Cake\Routing\Dispatcher::dispatch() - CORE\src\Routing\Dispatcher.php, line 60
[main] - ROOT\webroot\index.php, line 36



2024-08-13 02:31:04 Warning: Warning (2): A non-numeric value encountered in [E:\xampp\htdocs\2024\df_tst\DrapeFitPHPAli2024\src\Controller\PagesController.php, line 1024]
Request URL: /pages/stripeCreatePayment/male/1
Referer URL: http://localhost/2024/df_tst/DrapeFitPHPAli2024/pages/stripe_payment/male/1
Client IP: 127.0.0.1
Trace:
Cake\Error\BaseErrorHandler::handleError() - CORE\src\Error\BaseErrorHandler.php, line 153
App\Controller\PagesController::stripeCreatePayment() - APP/Controller\PagesController.php, line 1024
Cake\Controller\Controller::invokeAction() - CORE\src\Controller\Controller.php, line 440
Cake\Http\ActionDispatcher::_invoke() - CORE\src\Http\ActionDispatcher.php, line 119
Cake\Http\ActionDispatcher::dispatch() - CORE\src\Http\ActionDispatcher.php, line 93
Cake\Routing\Dispatcher::dispatch() - CORE\src\Routing\Dispatcher.php, line 60
[main] - ROOT\webroot\index.php, line 36



2024-08-13 02:31:04 Warning: Warning (2): A non-numeric value encountered in [E:\xampp\htdocs\2024\df_tst\DrapeFitPHPAli2024\src\Controller\PagesController.php, line 1024]
Request URL: /pages/stripeCreatePayment/male/1
Referer URL: http://localhost/2024/df_tst/DrapeFitPHPAli2024/pages/stripe_payment/male/1
Client IP: 127.0.0.1
Trace:
Cake\Error\BaseErrorHandler::handleError() - CORE\src\Error\BaseErrorHandler.php, line 153
App\Controller\PagesController::stripeCreatePayment() - APP/Controller\PagesController.php, line 1024
Cake\Controller\Controller::invokeAction() - CORE\src\Controller\Controller.php, line 440
Cake\Http\ActionDispatcher::_invoke() - CORE\src\Http\ActionDispatcher.php, line 119
Cake\Http\ActionDispatcher::dispatch() - CORE\src\Http\ActionDispatcher.php, line 93
Cake\Routing\Dispatcher::dispatch() - CORE\src\Routing\Dispatcher.php, line 60
[main] - ROOT\webroot\index.php, line 36



2024-08-13 02:31:04 Warning: Warning (2): Cannot modify header information - headers already sent by (output started at E:\xampp\htdocs\2024\df_tst\DrapeFitPHPAli2024\vendor\cakephp\cakephp\src\Error\Debugger.php:850) in [E:\xampp\htdocs\2024\df_tst\DrapeFitPHPAli2024\src\Controller\PagesController.php, line 1033]
Request URL: /pages/stripeCreatePayment/male/1
Referer URL: http://localhost/2024/df_tst/DrapeFitPHPAli2024/pages/stripe_payment/male/1
Client IP: 127.0.0.1
Trace:
Cake\Error\BaseErrorHandler::handleError() - CORE\src\Error\BaseErrorHandler.php, line 153
header - [internal], line ??
App\Controller\PagesController::stripeCreatePayment() - APP/Controller\PagesController.php, line 1033
Cake\Controller\Controller::invokeAction() - CORE\src\Controller\Controller.php, line 440
Cake\Http\ActionDispatcher::_invoke() - CORE\src\Http\ActionDispatcher.php, line 119
Cake\Http\ActionDispatcher::dispatch() - CORE\src\Http\ActionDispatcher.php, line 93
Cake\Routing\Dispatcher::dispatch() - CORE\src\Routing\Dispatcher.php, line 60
[main] - ROOT\webroot\index.php, line 36



2024-08-13 02:31:04 Warning: Headers already sent in E:\xampp\htdocs\2024\df_tst\DrapeFitPHPAli2024\vendor\cakephp\cakephp\src\Error\Debugger.php:850
2024-08-13 02:31:04 Error: [Stripe\Exception\AuthenticationException] No API key provided.  (HINT: set your API key using "Stripe::setApiKey(<API-KEY>)".  You can generate API keys from the Stripe web interface.  See https://stripe.com/api for details, or email support@stripe.com if you have any questions. in E:\xampp\htdocs\2024\df_tst\DrapeFitPHPAli2024\vendor\stripe-php2\lib\ApiRequestor.php on line 368
Request URL: /pages/stripeCreatePayment/male/1
Referer URL: http://localhost/2024/df_tst/DrapeFitPHPAli2024/pages/stripe_payment/male/1
Client IP: 127.0.0.1
Stack Trace:
#0 E:\xampp\htdocs\2024\df_tst\DrapeFitPHPAli2024\vendor\stripe-php2\lib\ApiRequestor.php(448): Stripe\ApiRequestor->_prepareRequest('post', '/v1/payment_int...', Array, Array)
#1 E:\xampp\htdocs\2024\df_tst\DrapeFitPHPAli2024\vendor\stripe-php2\lib\ApiRequestor.php(123): Stripe\ApiRequestor->_requestRaw('post', '/v1/payment_int...', Array, Array)
#2 E:\xampp\htdocs\2024\df_tst\DrapeFitPHPAli2024\vendor\stripe-php2\lib\ApiOperations\Request.php(78): Stripe\ApiRequestor->request('post', '/v1/payment_int...', Array, Array)
#3 E:\xampp\htdocs\2024\df_tst\DrapeFitPHPAli2024\vendor\stripe-php2\lib\ApiOperations\Create.php(25): Stripe\ApiResource::_staticRequest('post', '/v1/payment_int...', Array, NULL)
#4 E:\xampp\htdocs\2024\df_tst\DrapeFitPHPAli2024\src\Controller\PagesController.php(1042): Stripe\PaymentIntent::create(Array)
#5 E:\xampp\htdocs\2024\df_tst\DrapeFitPHPAli2024\vendor\cakephp\cakephp\src\Controller\Controller.php(440): App\Controller\PagesController->stripeCreatePayment('male', '1')
#6 E:\xampp\htdocs\2024\df_tst\DrapeFitPHPAli2024\vendor\cakephp\cakephp\src\Http\ActionDispatcher.php(119): Cake\Controller\Controller->invokeAction()
#7 E:\xampp\htdocs\2024\df_tst\DrapeFitPHPAli2024\vendor\cakephp\cakephp\src\Http\ActionDispatcher.php(93): Cake\Http\ActionDispatcher->_invoke(Object(App\Controller\PagesController))
#8 E:\xampp\htdocs\2024\df_tst\DrapeFitPHPAli2024\vendor\cakephp\cakephp\src\Routing\Dispatcher.php(60): Cake\Http\ActionDispatcher->dispatch(Object(Cake\Http\ServerRequest), Object(Cake\Http\Response))
#9 E:\xampp\htdocs\2024\df_tst\DrapeFitPHPAli2024\webroot\index.php(36): Cake\Routing\Dispatcher->dispatch(Object(Cake\Http\ServerRequest), Object(Cake\Http\Response))
#10 {main}


2024-08-13 02:31:33 Warning: Warning (2): A non-numeric value encountered in [E:\xampp\htdocs\2024\df_tst\DrapeFitPHPAli2024\src\Controller\PagesController.php, line 1024]
Request URL: /pages/stripeCreatePayment/male/1
Referer URL: http://localhost/2024/df_tst/DrapeFitPHPAli2024/pages/stripe_payment/male/1
Client IP: 127.0.0.1
Trace:
Cake\Error\BaseErrorHandler::handleError() - CORE\src\Error\BaseErrorHandler.php, line 153
App\Controller\PagesController::stripeCreatePayment() - APP/Controller\PagesController.php, line 1024
Cake\Controller\Controller::invokeAction() - CORE\src\Controller\Controller.php, line 440
Cake\Http\ActionDispatcher::_invoke() - CORE\src\Http\ActionDispatcher.php, line 119
Cake\Http\ActionDispatcher::dispatch() - CORE\src\Http\ActionDispatcher.php, line 93
Cake\Routing\Dispatcher::dispatch() - CORE\src\Routing\Dispatcher.php, line 60
[main] - ROOT\webroot\index.php, line 36



2024-08-13 02:31:33 Warning: Warning (2): A non-numeric value encountered in [E:\xampp\htdocs\2024\df_tst\DrapeFitPHPAli2024\src\Controller\PagesController.php, line 1024]
Request URL: /pages/stripeCreatePayment/male/1
Referer URL: http://localhost/2024/df_tst/DrapeFitPHPAli2024/pages/stripe_payment/male/1
Client IP: 127.0.0.1
Trace:
Cake\Error\BaseErrorHandler::handleError() - CORE\src\Error\BaseErrorHandler.php, line 153
App\Controller\PagesController::stripeCreatePayment() - APP/Controller\PagesController.php, line 1024
Cake\Controller\Controller::invokeAction() - CORE\src\Controller\Controller.php, line 440
Cake\Http\ActionDispatcher::_invoke() - CORE\src\Http\ActionDispatcher.php, line 119
Cake\Http\ActionDispatcher::dispatch() - CORE\src\Http\ActionDispatcher.php, line 93
Cake\Routing\Dispatcher::dispatch() - CORE\src\Routing\Dispatcher.php, line 60
[main] - ROOT\webroot\index.php, line 36



2024-08-13 02:31:33 Warning: Warning (2): A non-numeric value encountered in [E:\xampp\htdocs\2024\df_tst\DrapeFitPHPAli2024\src\Controller\PagesController.php, line 1024]
Request URL: /pages/stripeCreatePayment/male/1
Referer URL: http://localhost/2024/df_tst/DrapeFitPHPAli2024/pages/stripe_payment/male/1
Client IP: 127.0.0.1
Trace:
Cake\Error\BaseErrorHandler::handleError() - CORE\src\Error\BaseErrorHandler.php, line 153
App\Controller\PagesController::stripeCreatePayment() - APP/Controller\PagesController.php, line 1024
Cake\Controller\Controller::invokeAction() - CORE\src\Controller\Controller.php, line 440
Cake\Http\ActionDispatcher::_invoke() - CORE\src\Http\ActionDispatcher.php, line 119
Cake\Http\ActionDispatcher::dispatch() - CORE\src\Http\ActionDispatcher.php, line 93
Cake\Routing\Dispatcher::dispatch() - CORE\src\Routing\Dispatcher.php, line 60
[main] - ROOT\webroot\index.php, line 36



2024-08-13 02:31:33 Error: [Stripe\Exception\AuthenticationException] No API key provided.  (HINT: set your API key using "Stripe::setApiKey(<API-KEY>)".  You can generate API keys from the Stripe web interface.  See https://stripe.com/api for details, or email support@stripe.com if you have any questions. in E:\xampp\htdocs\2024\df_tst\DrapeFitPHPAli2024\vendor\stripe-php2\lib\ApiRequestor.php on line 368
Request URL: /pages/stripeCreatePayment/male/1
Referer URL: http://localhost/2024/df_tst/DrapeFitPHPAli2024/pages/stripe_payment/male/1
Client IP: 127.0.0.1
Stack Trace:
#0 E:\xampp\htdocs\2024\df_tst\DrapeFitPHPAli2024\vendor\stripe-php2\lib\ApiRequestor.php(448): Stripe\ApiRequestor->_prepareRequest('post', '/v1/payment_int...', Array, Array)
#1 E:\xampp\htdocs\2024\df_tst\DrapeFitPHPAli2024\vendor\stripe-php2\lib\ApiRequestor.php(123): Stripe\ApiRequestor->_requestRaw('post', '/v1/payment_int...', Array, Array)
#2 E:\xampp\htdocs\2024\df_tst\DrapeFitPHPAli2024\vendor\stripe-php2\lib\ApiOperations\Request.php(78): Stripe\ApiRequestor->request('post', '/v1/payment_int...', Array, Array)
#3 E:\xampp\htdocs\2024\df_tst\DrapeFitPHPAli2024\vendor\stripe-php2\lib\ApiOperations\Create.php(25): Stripe\ApiResource::_staticRequest('post', '/v1/payment_int...', Array, NULL)
#4 E:\xampp\htdocs\2024\df_tst\DrapeFitPHPAli2024\src\Controller\PagesController.php(1042): Stripe\PaymentIntent::create(Array)
#5 E:\xampp\htdocs\2024\df_tst\DrapeFitPHPAli2024\vendor\cakephp\cakephp\src\Controller\Controller.php(440): App\Controller\PagesController->stripeCreatePayment('male', '1')
#6 E:\xampp\htdocs\2024\df_tst\DrapeFitPHPAli2024\vendor\cakephp\cakephp\src\Http\ActionDispatcher.php(119): Cake\Controller\Controller->invokeAction()
#7 E:\xampp\htdocs\2024\df_tst\DrapeFitPHPAli2024\vendor\cakephp\cakephp\src\Http\ActionDispatcher.php(93): Cake\Http\ActionDispatcher->_invoke(Object(App\Controller\PagesController))
#8 E:\xampp\htdocs\2024\df_tst\DrapeFitPHPAli2024\vendor\cakephp\cakephp\src\Routing\Dispatcher.php(60): Cake\Http\ActionDispatcher->dispatch(Object(Cake\Http\ServerRequest), Object(Cake\Http\Response))
#9 E:\xampp\htdocs\2024\df_tst\DrapeFitPHPAli2024\webroot\index.php(36): Cake\Routing\Dispatcher->dispatch(Object(Cake\Http\ServerRequest), Object(Cake\Http\Response))
#10 {main}


2024-08-13 02:59:01 Warning: Warning (2): A non-numeric value encountered in [E:\xampp\htdocs\2024\df_tst\DrapeFitPHPAli2024\src\Controller\PagesController.php, line 1024]
Request URL: /pages/stripeCreatePayment/3/1
Referer URL: http://localhost/2024/df_tst/DrapeFitPHPAli2024/pages/stripe_payment/3/1
Client IP: 127.0.0.1
Trace:
Cake\Error\BaseErrorHandler::handleError() - CORE\src\Error\BaseErrorHandler.php, line 153
App\Controller\PagesController::stripeCreatePayment() - APP/Controller\PagesController.php, line 1024
Cake\Controller\Controller::invokeAction() - CORE\src\Controller\Controller.php, line 440
Cake\Http\ActionDispatcher::_invoke() - CORE\src\Http\ActionDispatcher.php, line 119
Cake\Http\ActionDispatcher::dispatch() - CORE\src\Http\ActionDispatcher.php, line 93
Cake\Routing\Dispatcher::dispatch() - CORE\src\Routing\Dispatcher.php, line 60
[main] - ROOT\webroot\index.php, line 36



2024-08-13 02:59:01 Warning: Warning (2): A non-numeric value encountered in [E:\xampp\htdocs\2024\df_tst\DrapeFitPHPAli2024\src\Controller\PagesController.php, line 1024]
Request URL: /pages/stripeCreatePayment/3/1
Referer URL: http://localhost/2024/df_tst/DrapeFitPHPAli2024/pages/stripe_payment/3/1
Client IP: 127.0.0.1
Trace:
Cake\Error\BaseErrorHandler::handleError() - CORE\src\Error\BaseErrorHandler.php, line 153
App\Controller\PagesController::stripeCreatePayment() - APP/Controller\PagesController.php, line 1024
Cake\Controller\Controller::invokeAction() - CORE\src\Controller\Controller.php, line 440
Cake\Http\ActionDispatcher::_invoke() - CORE\src\Http\ActionDispatcher.php, line 119
Cake\Http\ActionDispatcher::dispatch() - CORE\src\Http\ActionDispatcher.php, line 93
Cake\Routing\Dispatcher::dispatch() - CORE\src\Routing\Dispatcher.php, line 60
[main] - ROOT\webroot\index.php, line 36



2024-08-13 02:59:01 Warning: Warning (2): A non-numeric value encountered in [E:\xampp\htdocs\2024\df_tst\DrapeFitPHPAli2024\src\Controller\PagesController.php, line 1024]
Request URL: /pages/stripeCreatePayment/3/1
Referer URL: http://localhost/2024/df_tst/DrapeFitPHPAli2024/pages/stripe_payment/3/1
Client IP: 127.0.0.1
Trace:
Cake\Error\BaseErrorHandler::handleError() - CORE\src\Error\BaseErrorHandler.php, line 153
App\Controller\PagesController::stripeCreatePayment() - APP/Controller\PagesController.php, line 1024
Cake\Controller\Controller::invokeAction() - CORE\src\Controller\Controller.php, line 440
Cake\Http\ActionDispatcher::_invoke() - CORE\src\Http\ActionDispatcher.php, line 119
Cake\Http\ActionDispatcher::dispatch() - CORE\src\Http\ActionDispatcher.php, line 93
Cake\Routing\Dispatcher::dispatch() - CORE\src\Routing\Dispatcher.php, line 60
[main] - ROOT\webroot\index.php, line 36



2024-08-13 02:59:01 Error: [Stripe\Exception\AuthenticationException] No API key provided.  (HINT: set your API key using "Stripe::setApiKey(<API-KEY>)".  You can generate API keys from the Stripe web interface.  See https://stripe.com/api for details, or email support@stripe.com if you have any questions. in E:\xampp\htdocs\2024\df_tst\DrapeFitPHPAli2024\vendor\stripe-php2\lib\ApiRequestor.php on line 368
Request URL: /pages/stripeCreatePayment/3/1
Referer URL: http://localhost/2024/df_tst/DrapeFitPHPAli2024/pages/stripe_payment/3/1
Client IP: 127.0.0.1
Stack Trace:
#0 E:\xampp\htdocs\2024\df_tst\DrapeFitPHPAli2024\vendor\stripe-php2\lib\ApiRequestor.php(448): Stripe\ApiRequestor->_prepareRequest('post', '/v1/payment_int...', Array, Array)
#1 E:\xampp\htdocs\2024\df_tst\DrapeFitPHPAli2024\vendor\stripe-php2\lib\ApiRequestor.php(123): Stripe\ApiRequestor->_requestRaw('post', '/v1/payment_int...', Array, Array)
#2 E:\xampp\htdocs\2024\df_tst\DrapeFitPHPAli2024\vendor\stripe-php2\lib\ApiOperations\Request.php(78): Stripe\ApiRequestor->request('post', '/v1/payment_int...', Array, Array)
#3 E:\xampp\htdocs\2024\df_tst\DrapeFitPHPAli2024\vendor\stripe-php2\lib\ApiOperations\Create.php(25): Stripe\ApiResource::_staticRequest('post', '/v1/payment_int...', Array, NULL)
#4 E:\xampp\htdocs\2024\df_tst\DrapeFitPHPAli2024\src\Controller\PagesController.php(1042): Stripe\PaymentIntent::create(Array)
#5 E:\xampp\htdocs\2024\df_tst\DrapeFitPHPAli2024\vendor\cakephp\cakephp\src\Controller\Controller.php(440): App\Controller\PagesController->stripeCreatePayment('3', '1')
#6 E:\xampp\htdocs\2024\df_tst\DrapeFitPHPAli2024\vendor\cakephp\cakephp\src\Http\ActionDispatcher.php(119): Cake\Controller\Controller->invokeAction()
#7 E:\xampp\htdocs\2024\df_tst\DrapeFitPHPAli2024\vendor\cakephp\cakephp\src\Http\ActionDispatcher.php(93): Cake\Http\ActionDispatcher->_invoke(Object(App\Controller\PagesController))
#8 E:\xampp\htdocs\2024\df_tst\DrapeFitPHPAli2024\vendor\cakephp\cakephp\src\Routing\Dispatcher.php(60): Cake\Http\ActionDispatcher->dispatch(Object(Cake\Http\ServerRequest), Object(Cake\Http\Response))
#9 E:\xampp\htdocs\2024\df_tst\DrapeFitPHPAli2024\webroot\index.php(36): Cake\Routing\Dispatcher->dispatch(Object(Cake\Http\ServerRequest), Object(Cake\Http\Response))
#10 {main}


2024-08-13 23:45:20 Error: [PDOException] SQLSTATE[42S22]: Column not found: 1054 Unknown column 'online' in 'field list' in E:\xampp\htdocs\2024\df_tst\DrapeFitPHPAli2024\vendor\cakephp\cakephp\src\Database\Statement\MysqlStatement.php on line 39
Request URL: /users/start_online_offline
Referer URL: http://localhost/2024/df_tst/DrapeFitPHPAli2024/appadmins
Client IP: 127.0.0.1
Stack Trace:
#0 E:\xampp\htdocs\2024\df_tst\DrapeFitPHPAli2024\vendor\cakephp\cakephp\src\Database\Statement\MysqlStatement.php(39): PDOStatement->execute(NULL)
#1 E:\xampp\htdocs\2024\df_tst\DrapeFitPHPAli2024\vendor\cakephp\cakephp\src\Database\Connection.php(314): Cake\Database\Statement\MysqlStatement->execute()
#2 E:\xampp\htdocs\2024\df_tst\DrapeFitPHPAli2024\vendor\cakephp\cakephp\src\Database\Query.php(214): Cake\Database\Connection->run(Object(Cake\ORM\Query))
#3 E:\xampp\htdocs\2024\df_tst\DrapeFitPHPAli2024\vendor\cakephp\cakephp\src\ORM\Table.php(1590): Cake\Database\Query->execute()
#4 E:\xampp\htdocs\2024\df_tst\DrapeFitPHPAli2024\src\Controller\UsersController.php(5132): Cake\ORM\Table->updateAll(Array, Array)
#5 E:\xampp\htdocs\2024\df_tst\DrapeFitPHPAli2024\vendor\cakephp\cakephp\src\Controller\Controller.php(440): App\Controller\UsersController->startOnlineOffline()
#6 E:\xampp\htdocs\2024\df_tst\DrapeFitPHPAli2024\vendor\cakephp\cakephp\src\Http\ActionDispatcher.php(119): Cake\Controller\Controller->invokeAction()
#7 E:\xampp\htdocs\2024\df_tst\DrapeFitPHPAli2024\vendor\cakephp\cakephp\src\Http\ActionDispatcher.php(93): Cake\Http\ActionDispatcher->_invoke(Object(App\Controller\UsersController))
#8 E:\xampp\htdocs\2024\df_tst\DrapeFitPHPAli2024\vendor\cakephp\cakephp\src\Routing\Dispatcher.php(60): Cake\Http\ActionDispatcher->dispatch(Object(Cake\Http\ServerRequest), Object(Cake\Http\Response))
#9 E:\xampp\htdocs\2024\df_tst\DrapeFitPHPAli2024\webroot\index.php(36): Cake\Routing\Dispatcher->dispatch(Object(Cake\Http\ServerRequest), Object(Cake\Http\Response))
#10 {main}


2024-08-14 04:27:30 Warning: Warning (2): Invalid argument supplied for foreach() in [E:\xampp\htdocs\2024\df_tst\DrapeFitPHPAli2024\src\Template\Element\frontend\header.ctp, line 11]
Request URL: /merchant
Client IP: 127.0.0.1
Trace:
Cake\Error\BaseErrorHandler::handleError() - CORE\src\Error\BaseErrorHandler.php, line 153
include - APP/Template\Element\frontend\header.ctp, line 11
Cake\View\View::_evaluate() - CORE\src\View\View.php, line 1196
Cake\View\View::_render() - CORE\src\View\View.php, line 1157
Cake\View\View::_renderElement() - CORE\src\View\View.php, line 1550
Cake\View\View::element() - CORE\src\View\View.php, line 668
include - APP/Template\Layout\default.ctp, line 106
Cake\View\View::_evaluate() - CORE\src\View\View.php, line 1196
Cake\View\View::_render() - CORE\src\View\View.php, line 1157
Cake\View\View::renderLayout() - CORE\src\View\View.php, line 812
Cake\View\View::render() - CORE\src\View\View.php, line 770
Cake\Controller\Controller::render() - CORE\src\Controller\Controller.php, line 623
Cake\Error\ExceptionRenderer::_outputMessage() - CORE\src\Error\ExceptionRenderer.php, line 325
Cake\Error\ExceptionRenderer::render() - CORE\src\Error\ExceptionRenderer.php, line 200
Cake\Error\ErrorHandler::_displayException() - CORE\src\Error\ErrorHandler.php, line 137
Cake\Error\BaseErrorHandler::handleException() - CORE\src\Error\BaseErrorHandler.php, line 187
Cake\Error\BaseErrorHandler::wrapAndHandleException() - CORE\src\Error\BaseErrorHandler.php, line 171
[main] - [internal], line ??



2024-08-14 04:27:31 Warning: Warning (2): Invalid argument supplied for foreach() in [E:\xampp\htdocs\2024\df_tst\DrapeFitPHPAli2024\src\Template\Element\frontend\header.ctp, line 142]
Request URL: /merchant
Client IP: 127.0.0.1
Trace:
Cake\Error\BaseErrorHandler::handleError() - CORE\src\Error\BaseErrorHandler.php, line 153
include - APP/Template\Element\frontend\header.ctp, line 142
Cake\View\View::_evaluate() - CORE\src\View\View.php, line 1196
Cake\View\View::_render() - CORE\src\View\View.php, line 1157
Cake\View\View::_renderElement() - CORE\src\View\View.php, line 1550
Cake\View\View::element() - CORE\src\View\View.php, line 668
include - APP/Template\Layout\default.ctp, line 106
Cake\View\View::_evaluate() - CORE\src\View\View.php, line 1196
Cake\View\View::_render() - CORE\src\View\View.php, line 1157
Cake\View\View::renderLayout() - CORE\src\View\View.php, line 812
Cake\View\View::render() - CORE\src\View\View.php, line 770
Cake\Controller\Controller::render() - CORE\src\Controller\Controller.php, line 623
Cake\Error\ExceptionRenderer::_outputMessage() - CORE\src\Error\ExceptionRenderer.php, line 325
Cake\Error\ExceptionRenderer::render() - CORE\src\Error\ExceptionRenderer.php, line 200
Cake\Error\ErrorHandler::_displayException() - CORE\src\Error\ErrorHandler.php, line 137
Cake\Error\BaseErrorHandler::handleException() - CORE\src\Error\BaseErrorHandler.php, line 187
Cake\Error\BaseErrorHandler::wrapAndHandleException() - CORE\src\Error\BaseErrorHandler.php, line 171
[main] - [internal], line ??



2024-08-14 04:27:32 Error: [Cake\Routing\Exception\MissingControllerException] Controller class Merchant could not be found. in E:\xampp\htdocs\2024\df_tst\DrapeFitPHPAli2024\vendor\cakephp\cakephp\src\Http\ControllerFactory.php on line 100
Request URL: /merchant
Client IP: 127.0.0.1
Stack Trace:
#0 E:\xampp\htdocs\2024\df_tst\DrapeFitPHPAli2024\vendor\cakephp\cakephp\src\Http\ControllerFactory.php(38): Cake\Http\ControllerFactory->missingController(Object(Cake\Http\ServerRequest))
#1 E:\xampp\htdocs\2024\df_tst\DrapeFitPHPAli2024\vendor\cakephp\cakephp\src\Routing\Filter\ControllerFactoryFilter.php(63): Cake\Http\ControllerFactory->create(Object(Cake\Http\ServerRequest), Object(Cake\Http\Response))
#2 E:\xampp\htdocs\2024\df_tst\DrapeFitPHPAli2024\vendor\cakephp\cakephp\src\Routing\Filter\ControllerFactoryFilter.php(49): Cake\Routing\Filter\ControllerFactoryFilter->_getController(Object(Cake\Http\ServerRequest), Object(Cake\Http\Response))
#3 E:\xampp\htdocs\2024\df_tst\DrapeFitPHPAli2024\vendor\cakephp\cakephp\src\Routing\DispatcherFilter.php(146): Cake\Routing\Filter\ControllerFactoryFilter->beforeDispatch(Object(Cake\Event\Event))
#4 E:\xampp\htdocs\2024\df_tst\DrapeFitPHPAli2024\vendor\cakephp\cakephp\src\Event\EventManager.php(416): Cake\Routing\DispatcherFilter->handle(Object(Cake\Event\Event), Object(Cake\Http\ServerRequest), Object(Cake\Http\Response))
#5 E:\xampp\htdocs\2024\df_tst\DrapeFitPHPAli2024\vendor\cakephp\cakephp\src\Event\EventManager.php(393): Cake\Event\EventManager->_callListener(Array, Object(Cake\Event\Event))
#6 E:\xampp\htdocs\2024\df_tst\DrapeFitPHPAli2024\vendor\cakephp\cakephp\src\Event\EventDispatcherTrait.php(110): Cake\Event\EventManager->dispatch(Object(Cake\Event\Event))
#7 E:\xampp\htdocs\2024\df_tst\DrapeFitPHPAli2024\vendor\cakephp\cakephp\src\Http\ActionDispatcher.php(78): Cake\Http\ActionDispatcher->dispatchEvent('Dispatcher.befo...', Array)
#8 E:\xampp\htdocs\2024\df_tst\DrapeFitPHPAli2024\vendor\cakephp\cakephp\src\Routing\Dispatcher.php(60): Cake\Http\ActionDispatcher->dispatch(Object(Cake\Http\ServerRequest), Object(Cake\Http\Response))
#9 E:\xampp\htdocs\2024\df_tst\DrapeFitPHPAli2024\webroot\index.php(36): Cake\Routing\Dispatcher->dispatch(Object(Cake\Http\ServerRequest), Object(Cake\Http\Response))
#10 {main}


